<?xml version="1.0" encoding="UTF-8"?>
<!-- Generated by org.testng.reporters.JUnitReportReporter -->
<testsuite skipped="0" hostname="DESKTOP-52A8PT0" name="com.qa.testscripts.LoginPageTest" tests="3" failures="0" timestamp="2020-08-29T19:28:05 IST" time="64.623" errors="0">
  <testcase name="verifyPageTitle" time="26.661" classname="com.qa.testscripts.LoginPageTest"/>
  <system-out/>
  <testcase name="verifyLoginElement" time="16.308" classname="com.qa.testscripts.LoginPageTest"/>
  <system-out/>
  <testcase name="loginTest" time="21.654" classname="com.qa.testscripts.LoginPageTest"/>
  <system-out/>
</testsuite> <!-- com.qa.testscripts.LoginPageTest -->
