<?xml version="1.0" encoding="UTF-8"?>
<!-- Generated by org.testng.reporters.JUnitReportReporter -->
<testsuite skipped="0" hostname="DESKTOP-52A8PT0" name="com.qa.testscripts.AddAdminTest" tests="2" failures="0" timestamp="2020-08-29T19:28:05 IST" time="114.693" errors="0">
  <testcase name="newUsersData" time="58.417" classname="com.qa.testscripts.AddAdminTest"/>
  <system-out/>
  <testcase name="newUsersData" time="56.276" classname="com.qa.testscripts.AddAdminTest"/>
  <system-out/>
</testsuite> <!-- com.qa.testscripts.AddAdminTest -->
