<?xml version="1.0" encoding="UTF-8"?>
<!-- Generated by org.testng.reporters.JUnitReportReporter -->
<testsuite skipped="0" hostname="DESKTOP-52A8PT0" name="com.qa.testscripts.DashBoardTest" tests="1" failures="0" timestamp="2020-08-29T19:28:05 IST" time="20.317" errors="0">
  <testcase name="checkDashboardTitle" time="20.317" classname="com.qa.testscripts.DashBoardTest"/>
  <system-out/>
</testsuite> <!-- com.qa.testscripts.DashBoardTest -->
