<?xml version="1.0" encoding="UTF-8"?>
<!-- Generated by org.testng.reporters.JUnitReportReporter -->
<testsuite skipped="0" hostname="DESKTOP-52A8PT0" name="com.qa.testscripts.DashBoardTest" tests="1" failures="0" timestamp="29 Aug 2020 14:49:10 GMT" time="45.874" errors="0">
  <testcase name="checkDashboardTitle" time="45.874" classname="com.qa.testscripts.DashBoardTest"/>
</testsuite> <!-- com.qa.testscripts.DashBoardTest -->
