<?xml version="1.0" encoding="UTF-8"?>
<!-- Generated by org.testng.reporters.JUnitReportReporter -->
<testsuite skipped="0" hostname="DESKTOP-52A8PT0" name="com.qa.testscripts.AddAdminTest" tests="2" failures="0" timestamp="29 Aug 2020 14:49:10 GMT" time="120.924" errors="0">
  <testcase name="newUsersData" time="63.837" classname="com.qa.testscripts.AddAdminTest"/>
  <testcase name="newUsersData" time="57.087" classname="com.qa.testscripts.AddAdminTest"/>
</testsuite> <!-- com.qa.testscripts.AddAdminTest -->
