<?xml version="1.0" encoding="UTF-8"?>
<!-- Generated by org.testng.reporters.JUnitReportReporter -->
<testsuite skipped="0" hostname="DESKTOP-52A8PT0" name="com.qa.testscripts.LoginPageTest" tests="3" failures="0" timestamp="29 Aug 2020 14:49:10 GMT" time="58.737" errors="0">
  <testcase name="verifyPageTitle" time="15.629" classname="com.qa.testscripts.LoginPageTest"/>
  <testcase name="verifyLoginElement" time="18.071" classname="com.qa.testscripts.LoginPageTest"/>
  <testcase name="loginTest" time="25.037" classname="com.qa.testscripts.LoginPageTest"/>
</testsuite> <!-- com.qa.testscripts.LoginPageTest -->
